{"/home/dmitry-kazakov/projects/packages/webpack-parallel-simple/dist/build.js": {"path":"/home/dmitry-kazakov/projects/packages/webpack-parallel-simple/dist/build.js","statementMap":{"0":{"start":{"line":2,"column":22},"end":{"line":4,"column":1}},"1":{"start":{"line":3,"column":4},"end":{"line":3,"column":62}},"2":{"start":{"line":5,"column":0},"end":{"line":5,"column":62}},"3":{"start":{"line":6,"column":0},"end":{"line":6,"column":23}},"4":{"start":{"line":7,"column":16},"end":{"line":7,"column":49}},"5":{"start":{"line":8,"column":18},"end":{"line":8,"column":53}},"6":{"start":{"line":9,"column":18},"end":{"line":9,"column":44}},"7":{"start":{"line":10,"column":19},"end":{"line":10,"column":46}},"8":{"start":{"line":11,"column":21},"end":{"line":11,"column":50}},"9":{"start":{"line":12,"column":25},"end":{"line":12,"column":58}},"10":{"start":{"line":13,"column":27},"end":{"line":13,"column":62}},"11":{"start":{"line":14,"column":20},"end":{"line":14,"column":48}},"12":{"start":{"line":16,"column":20},"end":{"line":16,"column":80}},"13":{"start":{"line":18,"column":4},"end":{"line":18,"column":106}},"14":{"start":{"line":19,"column":4},"end":{"line":19,"column":53}},"15":{"start":{"line":20,"column":24},"end":{"line":20,"column":29}},"16":{"start":{"line":23,"column":8},"end":{"line":24,"column":49}},"17":{"start":{"line":24,"column":12},"end":{"line":24,"column":49}},"18":{"start":{"line":26,"column":8},"end":{"line":27,"column":19}},"19":{"start":{"line":27,"column":12},"end":{"line":27,"column":19}},"20":{"start":{"line":28,"column":8},"end":{"line":28,"column":61}},"21":{"start":{"line":29,"column":8},"end":{"line":29,"column":65}},"22":{"start":{"line":31,"column":8},"end":{"line":31,"column":50}},"23":{"start":{"line":32,"column":8},"end":{"line":43,"column":9}},"24":{"start":{"line":37,"column":12},"end":{"line":42,"column":19}},"25":{"start":{"line":39,"column":16},"end":{"line":39,"column":72}},"26":{"start":{"line":40,"column":16},"end":{"line":40,"column":37}},"27":{"start":{"line":44,"column":8},"end":{"line":44,"column":47}},"28":{"start":{"line":47,"column":0},"end":{"line":47,"column":22}}},"fnMap":{"0":{"name":"(anonymous_0)","decl":{"start":{"line":2,"column":56},"end":{"line":2,"column":57}},"loc":{"start":{"line":2,"column":71},"end":{"line":4,"column":1}},"line":2},"1":{"name":"build","decl":{"start":{"line":15,"column":9},"end":{"line":15,"column":14}},"loc":{"start":{"line":15,"column":27},"end":{"line":46,"column":1}},"line":15},"2":{"name":"finishedCallback","decl":{"start":{"line":22,"column":13},"end":{"line":22,"column":29}},"loc":{"start":{"line":22,"column":42},"end":{"line":45,"column":5}},"line":22},"3":{"name":"(anonymous_3)","decl":{"start":{"line":37,"column":23},"end":{"line":37,"column":24}},"loc":{"start":{"line":37,"column":29},"end":{"line":42,"column":13}},"line":37}},"branchMap":{"0":{"loc":{"start":{"line":2,"column":22},"end":{"line":4,"column":1}},"type":"binary-expr","locations":[{"start":{"line":2,"column":23},"end":{"line":2,"column":27}},{"start":{"line":2,"column":31},"end":{"line":2,"column":51}},{"start":{"line":2,"column":56},"end":{"line":4,"column":1}}],"line":2},"1":{"loc":{"start":{"line":3,"column":11},"end":{"line":3,"column":61}},"type":"cond-expr","locations":[{"start":{"line":3,"column":37},"end":{"line":3,"column":40}},{"start":{"line":3,"column":43},"end":{"line":3,"column":61}}],"line":3},"2":{"loc":{"start":{"line":3,"column":12},"end":{"line":3,"column":33}},"type":"binary-expr","locations":[{"start":{"line":3,"column":12},"end":{"line":3,"column":15}},{"start":{"line":3,"column":19},"end":{"line":3,"column":33}}],"line":3},"3":{"loc":{"start":{"line":18,"column":53},"end":{"line":18,"column":91}},"type":"cond-expr","locations":[{"start":{"line":18,"column":68},"end":{"line":18,"column":78}},{"start":{"line":18,"column":81},"end":{"line":18,"column":91}}],"line":18},"4":{"loc":{"start":{"line":23,"column":8},"end":{"line":24,"column":49}},"type":"if","locations":[{"start":{"line":23,"column":8},"end":{"line":24,"column":49}},{"start":{"line":23,"column":8},"end":{"line":24,"column":49}}],"line":23},"5":{"loc":{"start":{"line":26,"column":8},"end":{"line":27,"column":19}},"type":"if","locations":[{"start":{"line":26,"column":8},"end":{"line":27,"column":19}},{"start":{"line":26,"column":8},"end":{"line":27,"column":19}}],"line":26},"6":{"loc":{"start":{"line":32,"column":8},"end":{"line":43,"column":9}},"type":"if","locations":[{"start":{"line":32,"column":8},"end":{"line":43,"column":9}},{"start":{"line":32,"column":8},"end":{"line":43,"column":9}}],"line":32}},"s":{"0":12,"1":24,"2":12,"3":12,"4":12,"5":12,"6":12,"7":12,"8":12,"9":12,"10":12,"11":12,"12":12,"13":12,"14":12,"15":12,"16":12,"17":0,"18":12,"19":0,"20":12,"21":12,"22":12,"23":12,"24":12,"25":12,"26":12,"27":12,"28":12},"f":{"0":24,"1":12,"2":12,"3":12},"b":{"0":[12,12,12],"1":[0,24],"2":[24,24],"3":[0,12],"4":[0,12],"5":[0,12],"6":[12,0]},"_coverageSchema":"1a1c01bbd47fc00a2c39e90264f33305004495a9","hash":"8ca149c605853b64582cd87e81ed3874cb29226d","contentHash":"068e7b376eba52c07c396f2bce49bb9058dd95e2a51f88bab0afea0b4fffe2e0"}
,"/home/dmitry-kazakov/projects/packages/webpack-parallel-simple/dist/childProcess.js": {"path":"/home/dmitry-kazakov/projects/packages/webpack-parallel-simple/dist/childProcess.js","statementMap":{"0":{"start":{"line":2,"column":0},"end":{"line":2,"column":62}},"1":{"start":{"line":3,"column":0},"end":{"line":3,"column":30}},"2":{"start":{"line":4,"column":19},"end":{"line":4,"column":34}},"3":{"start":{"line":5,"column":18},"end":{"line":5,"column":36}},"4":{"start":{"line":6,"column":15},"end":{"line":6,"column":34}},"5":{"start":{"line":7,"column":0},"end":{"line":7,"column":44}}},"fnMap":{},"branchMap":{"0":{"loc":{"start":{"line":7,"column":16},"end":{"line":7,"column":40}},"type":"binary-expr","locations":[{"start":{"line":7,"column":16},"end":{"line":7,"column":30}},{"start":{"line":7,"column":34},"end":{"line":7,"column":40}}],"line":7}},"s":{"0":12,"1":12,"2":12,"3":12,"4":12,"5":12},"f":{},"b":{"0":[12,12]},"_coverageSchema":"1a1c01bbd47fc00a2c39e90264f33305004495a9","hash":"2d882380e6cca62d35800657038631c82f6c4a77","contentHash":"f274f2961cca1e89a009a6372c9244d8feeffee2b73e501675c9f57c65359847"}
,"/home/dmitry-kazakov/projects/packages/webpack-parallel-simple/dist/index.js": {"path":"/home/dmitry-kazakov/projects/packages/webpack-parallel-simple/dist/index.js","statementMap":{"0":{"start":{"line":2,"column":0},"end":{"line":2,"column":62}},"1":{"start":{"line":3,"column":0},"end":{"line":3,"column":21}},"2":{"start":{"line":4,"column":12},"end":{"line":4,"column":28}},"3":{"start":{"line":5,"column":0},"end":{"line":5,"column":100}},"4":{"start":{"line":5,"column":77},"end":{"line":5,"column":94}}},"fnMap":{"0":{"name":"(anonymous_0)","decl":{"start":{"line":5,"column":63},"end":{"line":5,"column":77}},"loc":{"start":{"line":5,"column":63},"end":{"line":5,"column":96}}}},"branchMap":{},"s":{"0":1,"1":1,"2":1,"3":1,"4":6},"f":{"0":6},"b":{}}
,"/home/dmitry-kazakov/projects/packages/webpack-parallel-simple/dist/run.js": {"path":"/home/dmitry-kazakov/projects/packages/webpack-parallel-simple/dist/run.js","statementMap":{"0":{"start":{"line":2,"column":22},"end":{"line":4,"column":1}},"1":{"start":{"line":3,"column":4},"end":{"line":3,"column":62}},"2":{"start":{"line":5,"column":0},"end":{"line":5,"column":62}},"3":{"start":{"line":6,"column":0},"end":{"line":6,"column":21}},"4":{"start":{"line":7,"column":15},"end":{"line":7,"column":47}},"5":{"start":{"line":8,"column":24},"end":{"line":8,"column":48}},"6":{"start":{"line":9,"column":16},"end":{"line":9,"column":49}},"7":{"start":{"line":10,"column":20},"end":{"line":10,"column":48}},"8":{"start":{"line":11,"column":25},"end":{"line":11,"column":74}},"9":{"start":{"line":13,"column":24},"end":{"line":13,"column":25}},"10":{"start":{"line":14,"column":32},"end":{"line":14,"column":37}},"11":{"start":{"line":15,"column":27},"end":{"line":47,"column":6}},"12":{"start":{"line":16,"column":29},"end":{"line":20,"column":10}},"13":{"start":{"line":21,"column":8},"end":{"line":35,"column":11}},"14":{"start":{"line":22,"column":33},"end":{"line":22,"column":60}},"15":{"start":{"line":23,"column":12},"end":{"line":30,"column":null}},"16":{"start":{"line":24,"column":16},"end":{"line":24,"column":35}},"17":{"start":{"line":25,"column":16},"end":{"line":25,"column":36}},"18":{"start":{"line":26,"column":16},"end":{"line":29,"column":null}},"19":{"start":{"line":27,"column":20},"end":{"line":27,"column":47}},"20":{"start":{"line":28,"column":20},"end":{"line":28,"column":49}},"21":{"start":{"line":31,"column":12},"end":{"line":32,"column":23}},"22":{"start":{"line":32,"column":16},"end":{"line":32,"column":23}},"23":{"start":{"line":34,"column":12},"end":{"line":34,"column":40}},"24":{"start":{"line":36,"column":8},"end":{"line":45,"column":11}},"25":{"start":{"line":37,"column":35},"end":{"line":37,"column":62}},"26":{"start":{"line":38,"column":12},"end":{"line":41,"column":null}},"27":{"start":{"line":39,"column":16},"end":{"line":39,"column":70}},"28":{"start":{"line":40,"column":16},"end":{"line":40,"column":23}},"29":{"start":{"line":42,"column":12},"end":{"line":42,"column":63}},"30":{"start":{"line":43,"column":12},"end":{"line":44,"column":32}},"31":{"start":{"line":44,"column":16},"end":{"line":44,"column":32}},"32":{"start":{"line":46,"column":8},"end":{"line":46,"column":28}},"33":{"start":{"line":48,"column":4},"end":{"line":48,"column":36}},"34":{"start":{"line":50,"column":0},"end":{"line":50,"column":18}}},"fnMap":{"0":{"name":"(anonymous_2)","decl":{"start":{"line":2,"column":56},"end":{"line":2,"column":66}},"loc":{"start":{"line":2,"column":69},"end":{"line":4,"column":1}}},"1":{"name":"run","decl":{"start":{"line":12,"column":9},"end":{"line":12,"column":12}},"loc":{"start":{"line":12,"column":19},"end":{"line":49,"column":1}}},"2":{"name":"(anonymous_4)","decl":{"start":{"line":15,"column":50},"end":{"line":15,"column":51}},"loc":{"start":{"line":15,"column":61},"end":{"line":47,"column":5}}},"3":{"name":"(anonymous_5)","decl":{"start":{"line":21,"column":40},"end":{"line":21,"column":41}},"loc":{"start":{"line":21,"column":50},"end":{"line":35,"column":9}}},"4":{"name":"(anonymous_6)","decl":{"start":{"line":36,"column":40},"end":{"line":36,"column":41}},"loc":{"start":{"line":36,"column":50},"end":{"line":45,"column":9}}}},"branchMap":{"0":{"loc":{"start":{"line":2,"column":22},"end":{"line":4,"column":1}},"type":"binary-expr","locations":[{"start":{"line":2,"column":23},"end":{"line":2,"column":27}},{"start":{"line":2,"column":31},"end":{"line":2,"column":51}},{"start":{"line":2,"column":56},"end":{"line":4,"column":1}}]},"1":{"loc":{"start":{"line":3,"column":11},"end":{"line":3,"column":61}},"type":"cond-expr","locations":[{"start":{"line":3,"column":37},"end":{"line":3,"column":40}},{"start":{"line":3,"column":43},"end":{"line":3,"column":61}}]},"2":{"loc":{"start":{"line":3,"column":12},"end":{"line":3,"column":33}},"type":"binary-expr","locations":[{"start":{"line":3,"column":12},"end":{"line":3,"column":15}},{"start":{"line":3,"column":19},"end":{"line":3,"column":33}}]},"3":{"loc":{"start":{"line":21,"column":8},"end":{"line":35,"column":10}},"type":"cond-expr","locations":[{"start":{"line":21,"column":27},"end":{"line":21,"column":29}},{"start":{"line":21,"column":27},"end":{"line":35,"column":10}}]},"4":{"loc":{"start":{"line":21,"column":8},"end":{"line":21,"column":29}},"type":"binary-expr","locations":[{"start":{"line":21,"column":8},"end":{"line":21,"column":29}},{"start":{"line":21,"column":27},"end":{"line":21,"column":29}}]},"5":{"loc":{"start":{"line":23,"column":12},"end":{"line":30,"column":null}},"type":"if","locations":[{"start":{"line":23,"column":12},"end":{"line":30,"column":null}},{"start":{"line":23,"column":12},"end":{"line":30,"column":null}}]},"6":{"loc":{"start":{"line":23,"column":16},"end":{"line":23,"column":93}},"type":"binary-expr","locations":[{"start":{"line":23,"column":16},"end":{"line":23,"column":38}},{"start":{"line":23,"column":42},"end":{"line":23,"column":93}}]},"7":{"loc":{"start":{"line":26,"column":16},"end":{"line":29,"column":null}},"type":"if","locations":[{"start":{"line":26,"column":16},"end":{"line":29,"column":null}},{"start":{"line":26,"column":16},"end":{"line":29,"column":null}}]},"8":{"loc":{"start":{"line":27,"column":20},"end":{"line":27,"column":27}},"type":"cond-expr","locations":[{"start":{"line":27,"column":42},"end":{"line":27,"column":46}},{"start":{"line":27,"column":42},"end":{"line":27,"column":27}}]},"9":{"loc":{"start":{"line":27,"column":20},"end":{"line":27,"column":46}},"type":"binary-expr","locations":[{"start":{"line":27,"column":20},"end":{"line":27,"column":46}},{"start":{"line":27,"column":42},"end":{"line":27,"column":46}}]},"10":{"loc":{"start":{"line":31,"column":12},"end":{"line":32,"column":23}},"type":"if","locations":[{"start":{"line":31,"column":12},"end":{"line":32,"column":23}},{"start":{"line":31,"column":12},"end":{"line":32,"column":23}}]},"11":{"loc":{"start":{"line":36,"column":8},"end":{"line":45,"column":10}},"type":"cond-expr","locations":[{"start":{"line":36,"column":27},"end":{"line":36,"column":29}},{"start":{"line":36,"column":27},"end":{"line":45,"column":10}}]},"12":{"loc":{"start":{"line":36,"column":8},"end":{"line":36,"column":29}},"type":"binary-expr","locations":[{"start":{"line":36,"column":8},"end":{"line":36,"column":29}},{"start":{"line":36,"column":27},"end":{"line":36,"column":29}}]},"13":{"loc":{"start":{"line":38,"column":12},"end":{"line":41,"column":null}},"type":"if","locations":[{"start":{"line":38,"column":12},"end":{"line":41,"column":null}},{"start":{"line":38,"column":12},"end":{"line":41,"column":null}}]},"14":{"loc":{"start":{"line":43,"column":12},"end":{"line":44,"column":32}},"type":"if","locations":[{"start":{"line":43,"column":12},"end":{"line":44,"column":32}},{"start":{"line":43,"column":12},"end":{"line":44,"column":32}}]},"15":{"loc":{"start":{"line":48,"column":4},"end":{"line":48,"column":35}},"type":"cond-expr","locations":[{"start":{"line":48,"column":17},"end":{"line":48,"column":20}},{"start":{"line":48,"column":17},"end":{"line":48,"column":35}}]},"16":{"loc":{"start":{"line":48,"column":4},"end":{"line":48,"column":20}},"type":"binary-expr","locations":[{"start":{"line":48,"column":4},"end":{"line":48,"column":20}},{"start":{"line":48,"column":17},"end":{"line":48,"column":20}}]}},"s":{"0":1,"1":2,"2":1,"3":1,"4":1,"5":1,"6":1,"7":1,"8":1,"9":6,"10":6,"11":6,"12":12,"13":12,"14":48,"15":48,"16":12,"17":12,"18":12,"19":6,"20":6,"21":48,"22":24,"23":24,"24":12,"25":0,"26":0,"27":0,"28":0,"29":0,"30":0,"31":0,"32":12,"33":6,"34":1},"f":{"0":2,"1":6,"2":12,"3":48,"4":0},"b":{"0":[1,1,1],"1":[0,2],"2":[2,2],"3":[0,12],"4":[12,12],"5":[12,36],"6":[48,48],"7":[6,6],"8":[0,6],"9":[6,6],"10":[24,24],"11":[0,12],"12":[12,12],"13":[0,0],"14":[0,0],"15":[6,0],"16":[6,6]}}
,"/home/dmitry-kazakov/projects/packages/webpack-parallel-simple/dist/utils/constants.js": {"path":"/home/dmitry-kazakov/projects/packages/webpack-parallel-simple/dist/utils/constants.js","statementMap":{"0":{"start":{"line":2,"column":22},"end":{"line":4,"column":1}},"1":{"start":{"line":3,"column":4},"end":{"line":3,"column":62}},"2":{"start":{"line":5,"column":0},"end":{"line":5,"column":62}},"3":{"start":{"line":6,"column":0},"end":{"line":6,"column":53}},"4":{"start":{"line":7,"column":16},"end":{"line":7,"column":null}},"5":{"start":{"line":8,"column":0},"end":{"line":8,"column":56}},"6":{"start":{"line":9,"column":0},"end":{"line":9,"column":44}},"7":{"start":{"line":7,"column":16},"end":{"line":7,"column":49}}},"fnMap":{"0":{"name":"(anonymous_0)","decl":{"start":{"line":2,"column":56},"end":{"line":2,"column":66}},"loc":{"start":{"line":2,"column":69},"end":{"line":4,"column":1}}}},"branchMap":{"0":{"loc":{"start":{"line":2,"column":22},"end":{"line":4,"column":1}},"type":"binary-expr","locations":[{"start":{"line":2,"column":23},"end":{"line":2,"column":27}},{"start":{"line":2,"column":31},"end":{"line":2,"column":51}},{"start":{"line":2,"column":56},"end":{"line":4,"column":1}}]},"1":{"loc":{"start":{"line":3,"column":11},"end":{"line":3,"column":61}},"type":"cond-expr","locations":[{"start":{"line":3,"column":37},"end":{"line":3,"column":40}},{"start":{"line":3,"column":43},"end":{"line":3,"column":61}}]},"2":{"loc":{"start":{"line":3,"column":12},"end":{"line":3,"column":33}},"type":"binary-expr","locations":[{"start":{"line":3,"column":12},"end":{"line":3,"column":15}},{"start":{"line":3,"column":19},"end":{"line":3,"column":33}}]}},"s":{"0":13,"1":13,"2":13,"3":13,"4":12,"5":13,"6":13,"7":1},"f":{"0":13},"b":{"0":[13,13,13],"1":[0,13],"2":[13,13]}}
,"/home/dmitry-kazakov/projects/packages/webpack-parallel-simple/dist/utils/getAppName.js": {"path":"/home/dmitry-kazakov/projects/packages/webpack-parallel-simple/dist/utils/getAppName.js","statementMap":{"0":{"start":{"line":2,"column":0},"end":{"line":2,"column":62}},"1":{"start":{"line":3,"column":0},"end":{"line":3,"column":28}},"2":{"start":{"line":5,"column":4},"end":{"line":5,"column":74}},"3":{"start":{"line":7,"column":0},"end":{"line":7,"column":32}}},"fnMap":{"0":{"name":"getAppName","decl":{"start":{"line":4,"column":9},"end":{"line":4,"column":19}},"loc":{"start":{"line":4,"column":28},"end":{"line":6,"column":1}},"line":4}},"branchMap":{"0":{"loc":{"start":{"line":5,"column":11},"end":{"line":5,"column":73}},"type":"binary-expr","locations":[{"start":{"line":5,"column":11},"end":{"line":5,"column":22}},{"start":{"line":5,"column":26},"end":{"line":5,"column":50}},{"start":{"line":5,"column":54},"end":{"line":5,"column":73}}],"line":5}},"s":{"0":12,"1":12,"2":12,"3":12},"f":{"0":12},"b":{"0":[12,0,0]},"_coverageSchema":"1a1c01bbd47fc00a2c39e90264f33305004495a9","hash":"dbba3ce4d49edb5ecad7318d6b2a8339fd4a0fc9","contentHash":"f4d23a62e658ecfb835161c14e6c18c5b01ef94b06d666ebe7c009524120bad3"}
,"/home/dmitry-kazakov/projects/packages/webpack-parallel-simple/dist/utils/logDone.js": {"path":"/home/dmitry-kazakov/projects/packages/webpack-parallel-simple/dist/utils/logDone.js","statementMap":{"0":{"start":{"line":2,"column":22},"end":{"line":4,"column":1}},"1":{"start":{"line":3,"column":4},"end":{"line":3,"column":62}},"2":{"start":{"line":5,"column":0},"end":{"line":5,"column":62}},"3":{"start":{"line":6,"column":0},"end":{"line":6,"column":25}},"4":{"start":{"line":7,"column":16},"end":{"line":7,"column":49}},"5":{"start":{"line":8,"column":20},"end":{"line":8,"column":42}},"6":{"start":{"line":11,"column":22},"end":{"line":11,"column":62}},"7":{"start":{"line":13,"column":4},"end":{"line":13,"column":126}},"8":{"start":{"line":15,"column":0},"end":{"line":15,"column":26}}},"fnMap":{"0":{"name":"(anonymous_0)","decl":{"start":{"line":2,"column":56},"end":{"line":2,"column":57}},"loc":{"start":{"line":2,"column":71},"end":{"line":4,"column":1}},"line":2},"1":{"name":"logDone","decl":{"start":{"line":9,"column":9},"end":{"line":9,"column":16}},"loc":{"start":{"line":9,"column":33},"end":{"line":14,"column":1}},"line":9}},"branchMap":{"0":{"loc":{"start":{"line":2,"column":22},"end":{"line":4,"column":1}},"type":"binary-expr","locations":[{"start":{"line":2,"column":23},"end":{"line":2,"column":27}},{"start":{"line":2,"column":31},"end":{"line":2,"column":51}},{"start":{"line":2,"column":56},"end":{"line":4,"column":1}}],"line":2},"1":{"loc":{"start":{"line":3,"column":11},"end":{"line":3,"column":61}},"type":"cond-expr","locations":[{"start":{"line":3,"column":37},"end":{"line":3,"column":40}},{"start":{"line":3,"column":43},"end":{"line":3,"column":61}}],"line":3},"2":{"loc":{"start":{"line":3,"column":12},"end":{"line":3,"column":33}},"type":"binary-expr","locations":[{"start":{"line":3,"column":12},"end":{"line":3,"column":15}},{"start":{"line":3,"column":19},"end":{"line":3,"column":33}}],"line":3}},"s":{"0":12,"1":12,"2":12,"3":12,"4":12,"5":12,"6":12,"7":12,"8":12},"f":{"0":12,"1":12},"b":{"0":[12,12,12],"1":[0,12],"2":[12,12]},"_coverageSchema":"1a1c01bbd47fc00a2c39e90264f33305004495a9","hash":"cc1c05c19dacd9945e7d009e3b454f9e3550bca2","contentHash":"2f4033826634fb322acfe27b36f5fc35a34fe4a416939a55dea093aec468e607"}
,"/home/dmitry-kazakov/projects/packages/webpack-parallel-simple/dist/utils/logError.js": {"path":"/home/dmitry-kazakov/projects/packages/webpack-parallel-simple/dist/utils/logError.js","statementMap":{"0":{"start":{"line":2,"column":0},"end":{"line":2,"column":62}},"1":{"start":{"line":3,"column":0},"end":{"line":3,"column":26}},"2":{"start":{"line":5,"column":4},"end":{"line":5,"column":44}},"3":{"start":{"line":7,"column":4},"end":{"line":8,"column":35}},"4":{"start":{"line":8,"column":8},"end":{"line":8,"column":35}},"5":{"start":{"line":9,"column":4},"end":{"line":9,"column":20}},"6":{"start":{"line":11,"column":0},"end":{"line":11,"column":28}}},"fnMap":{"0":{"name":"logError","decl":{"start":{"line":4,"column":9},"end":{"line":4,"column":17}},"loc":{"start":{"line":4,"column":23},"end":{"line":10,"column":1}},"line":4}},"branchMap":{"0":{"loc":{"start":{"line":5,"column":18},"end":{"line":5,"column":42}},"type":"binary-expr","locations":[{"start":{"line":5,"column":18},"end":{"line":5,"column":27}},{"start":{"line":5,"column":31},"end":{"line":5,"column":42}}],"line":5},"1":{"loc":{"start":{"line":7,"column":4},"end":{"line":8,"column":35}},"type":"if","locations":[{"start":{"line":7,"column":4},"end":{"line":8,"column":35}},{"start":{"line":7,"column":4},"end":{"line":8,"column":35}}],"line":7}},"s":{"0":12,"1":12,"2":0,"3":0,"4":0,"5":0,"6":12},"f":{"0":0},"b":{"0":[0,0],"1":[0,0]},"_coverageSchema":"1a1c01bbd47fc00a2c39e90264f33305004495a9","hash":"885644aac8f1ee7d13ae760c7b931e115b684bb3","contentHash":"168bdac58e7a9c06d11cb8bb3fcd77b876592a472090adfe5a21f854d8e4902b"}
,"/home/dmitry-kazakov/projects/packages/webpack-parallel-simple/dist/utils/logStatsErrors.js": {"path":"/home/dmitry-kazakov/projects/packages/webpack-parallel-simple/dist/utils/logStatsErrors.js","statementMap":{"0":{"start":{"line":2,"column":0},"end":{"line":2,"column":62}},"1":{"start":{"line":3,"column":0},"end":{"line":3,"column":32}},"2":{"start":{"line":4,"column":20},"end":{"line":4,"column":42}},"3":{"start":{"line":6,"column":4},"end":{"line":11,"column":5}},"4":{"start":{"line":7,"column":24},"end":{"line":9,"column":25}},"5":{"start":{"line":8,"column":28},"end":{"line":8,"column":41}},"6":{"start":{"line":10,"column":8},"end":{"line":10,"column":31}},"7":{"start":{"line":13,"column":0},"end":{"line":13,"column":40}}},"fnMap":{"0":{"name":"logStatsErrors","decl":{"start":{"line":5,"column":9},"end":{"line":5,"column":23}},"loc":{"start":{"line":5,"column":40},"end":{"line":12,"column":1}},"line":5},"1":{"name":"(anonymous_1)","decl":{"start":{"line":8,"column":17},"end":{"line":8,"column":18}},"loc":{"start":{"line":8,"column":28},"end":{"line":8,"column":41}},"line":8}},"branchMap":{"0":{"loc":{"start":{"line":6,"column":4},"end":{"line":11,"column":5}},"type":"if","locations":[{"start":{"line":6,"column":4},"end":{"line":11,"column":5}},{"start":{"line":6,"column":4},"end":{"line":11,"column":5}}],"line":6}},"s":{"0":12,"1":12,"2":12,"3":12,"4":0,"5":0,"6":0,"7":12},"f":{"0":12,"1":0},"b":{"0":[0,12]},"_coverageSchema":"1a1c01bbd47fc00a2c39e90264f33305004495a9","hash":"42fcc55c272ea71fd2a7fb138ce8cd61c33a9ce4","contentHash":"0f2e8d56de0d687938603bdb2d748e6ec1d2ff3cf850925d561bd0abd978004c"}
,"/home/dmitry-kazakov/projects/packages/webpack-parallel-simple/dist/utils/logStatsWarnings.js": {"path":"/home/dmitry-kazakov/projects/packages/webpack-parallel-simple/dist/utils/logStatsWarnings.js","statementMap":{"0":{"start":{"line":2,"column":22},"end":{"line":4,"column":1}},"1":{"start":{"line":3,"column":4},"end":{"line":3,"column":62}},"2":{"start":{"line":5,"column":0},"end":{"line":5,"column":62}},"3":{"start":{"line":6,"column":0},"end":{"line":6,"column":34}},"4":{"start":{"line":7,"column":16},"end":{"line":7,"column":49}},"5":{"start":{"line":8,"column":20},"end":{"line":8,"column":42}},"6":{"start":{"line":10,"column":4},"end":{"line":17,"column":5}},"7":{"start":{"line":11,"column":21},"end":{"line":11,"column":35}},"8":{"start":{"line":12,"column":24},"end":{"line":12,"column":82}},"9":{"start":{"line":12,"column":55},"end":{"line":12,"column":70}},"10":{"start":{"line":14,"column":8},"end":{"line":14,"column":78}},"11":{"start":{"line":16,"column":8},"end":{"line":16,"column":53}},"12":{"start":{"line":19,"column":0},"end":{"line":19,"column":44}}},"fnMap":{"0":{"name":"(anonymous_0)","decl":{"start":{"line":2,"column":56},"end":{"line":2,"column":57}},"loc":{"start":{"line":2,"column":71},"end":{"line":4,"column":1}},"line":2},"1":{"name":"logStatsWarnings","decl":{"start":{"line":9,"column":9},"end":{"line":9,"column":25}},"loc":{"start":{"line":9,"column":42},"end":{"line":18,"column":1}},"line":9},"2":{"name":"(anonymous_2)","decl":{"start":{"line":12,"column":42},"end":{"line":12,"column":43}},"loc":{"start":{"line":12,"column":55},"end":{"line":12,"column":70}},"line":12}},"branchMap":{"0":{"loc":{"start":{"line":2,"column":22},"end":{"line":4,"column":1}},"type":"binary-expr","locations":[{"start":{"line":2,"column":23},"end":{"line":2,"column":27}},{"start":{"line":2,"column":31},"end":{"line":2,"column":51}},{"start":{"line":2,"column":56},"end":{"line":4,"column":1}}],"line":2},"1":{"loc":{"start":{"line":3,"column":11},"end":{"line":3,"column":61}},"type":"cond-expr","locations":[{"start":{"line":3,"column":37},"end":{"line":3,"column":40}},{"start":{"line":3,"column":43},"end":{"line":3,"column":61}}],"line":3},"2":{"loc":{"start":{"line":3,"column":12},"end":{"line":3,"column":33}},"type":"binary-expr","locations":[{"start":{"line":3,"column":12},"end":{"line":3,"column":15}},{"start":{"line":3,"column":19},"end":{"line":3,"column":33}}],"line":3},"3":{"loc":{"start":{"line":10,"column":4},"end":{"line":17,"column":5}},"type":"if","locations":[{"start":{"line":10,"column":4},"end":{"line":17,"column":5}},{"start":{"line":10,"column":4},"end":{"line":17,"column":5}}],"line":10}},"s":{"0":12,"1":12,"2":12,"3":12,"4":12,"5":12,"6":12,"7":0,"8":0,"9":0,"10":0,"11":0,"12":12},"f":{"0":12,"1":12,"2":0},"b":{"0":[12,12,12],"1":[0,12],"2":[12,12],"3":[0,12]},"_coverageSchema":"1a1c01bbd47fc00a2c39e90264f33305004495a9","hash":"db298e9b22736d921148340a29e41664d8a59827","contentHash":"573920d3e5d325588658c0b98da04e9aa4406c4e63b8d85b287b686e72a2f5aa"}
}
